23:39:25 (86278) INFO ConfigReader No config file specified. Running with command line arguments.
23:39:25 (86278) INFO ConfigReader Use `stryker init` command to generate your config file.
23:39:25 (86278) DEBUG ConfigReader Loaded config: {
  "fileLogLevel": "trace",
  "allowConsoleColors": true,
  "checkers": [],
  "checkerNodeArgs": [],
  "commandRunner": {
    "command": "npm test"
  },
  "coverageAnalysis": "perTest",
  "clearTextReporter": {
    "allowColor": true,
    "allowEmojis": false,
    "logTests": true,
    "maxTestsToLog": 3,
    "reportTests": true,
    "reportMutants": true,
    "reportScoreTable": true,
    "skipFull": false
  },
  "dashboard": {
    "baseUrl": "https://dashboard.stryker-mutator.io/api/reports",
    "reportType": "full"
  },
  "dryRunOnly": false,
  "eventReporter": {
    "baseDir": "reports/mutation/events"
  },
  "ignorePatterns": [],
  "ignoreStatic": false,
  "incremental": false,
  "incrementalFile": "reports/stryker-incremental.json",
  "force": false,
  "inPlace": false,
  "logLevel": "info",
  "maxConcurrentTestRunners": 9007199254740991,
  "maxTestRunnerReuse": 0,
  "mutate": [
    "{src,lib}/**/!(*.+(s|S)pec|*.+(t|T)est).+(cjs|mjs|js|ts|mts|cts|jsx|tsx|html|vue|svelte)",
    "!{src,lib}/**/__tests__/**/*.+(cjs|mjs|js|ts|mts|cts|jsx|tsx|html|vue|svelte)"
  ],
  "mutator": {
    "plugins": null,
    "excludedMutations": []
  },
  "plugins": [
    "@stryker-mutator/*"
  ],
  "appendPlugins": [],
  "reporters": [
    "clear-text",
    "progress",
    "html"
  ],
  "htmlReporter": {
    "fileName": "reports/mutation/mutation.html"
  },
  "jsonReporter": {
    "fileName": "reports/mutation/mutation.json"
  },
  "disableTypeChecks": true,
  "symlinkNodeModules": true,
  "tempDirName": ".stryker-tmp",
  "cleanTempDir": true,
  "testRunner": "command",
  "testRunnerNodeArgs": [],
  "thresholds": {
    "high": 80,
    "low": 60,
    "break": null
  },
  "timeoutFactor": 1.5,
  "timeoutMS": 5000,
  "dryRunTimeoutMinutes": 5,
  "tsconfigFile": "tsconfig.json",
  "warnings": true,
  "disableBail": false,
  "allowEmpty": false,
  "ignorers": []
}
23:39:25 (86278) DEBUG PluginLoader Loading @stryker-mutator/* from /Users/aidan/CSCI430/creativeblock/creativeblock/node_modules/@stryker-mutator
23:39:25 (86278) DEBUG PluginLoader Loading plugin "@stryker-mutator/jest-runner" (matched with expression @stryker-mutator/*)
23:39:25 (86278) DEBUG PluginLoader Loading plugin "@stryker-mutator/typescript-checker" (matched with expression @stryker-mutator/*)
23:39:25 (86278) DEBUG PluginLoader Loading plugin @stryker-mutator/jest-runner
23:39:25 (86278) DEBUG PluginLoader Loading plugin @stryker-mutator/typescript-checker
23:39:25 (86278) DEBUG PluginLoader Loading plugin file:///Users/aidan/CSCI430/creativeblock/creativeblock/node_modules/@stryker-mutator/instrumenter/dist/src/frameworks/index.js
23:39:25 (86278) DEBUG PluginLoader Loading plugin file:///Users/aidan/CSCI430/creativeblock/creativeblock/node_modules/@stryker-mutator/core/dist/src/reporters/index.js
23:39:26 (86278) DEBUG MetaSchemaBuilder Contributing 2 schemas from plugins to options validation.
23:39:26 (86278) WARN ProjectReader Warning: No files found for mutation with the given glob expressions. As a result, a dry-run will be performed without actually modifying anything. If you intended to mutate files, please check and adjust the configuration. Current glob pattern(s) used: "{src,lib}/**/!(*.+(s|S)pec|*.+(t|T)est).+(cjs|mjs|js|ts|mts|cts|jsx|tsx|html|vue|svelte)", "!{src,lib}/**/__tests__/**/*.+(cjs|mjs|js|ts|mts|cts|jsx|tsx|html|vue|svelte)". To enable file mutation, consider configuring the `mutate` property in your configuration file or using the --mutate option via the command line.
23:39:26 (86278) DEBUG ProjectReader All input files: [
  "/Users/aidan/CSCI430/creativeblock/creativeblock/.expo/README.md",
  "/Users/aidan/CSCI430/creativeblock/creativeblock/.expo/devices.json",
  "/Users/aidan/CSCI430/creativeblock/creativeblock/.expo/types/router.d.ts",
  "/Users/aidan/CSCI430/creativeblock/creativeblock/.gitignore",
  "/Users/aidan/CSCI430/creativeblock/creativeblock/.idea/.gitignore",
  "/Users/aidan/CSCI430/creativeblock/creativeblock/.idea/caches/deviceStreaming.xml",
  "/Users/aidan/CSCI430/creativeblock/creativeblock/.idea/vcs.xml",
  "/Users/aidan/CSCI430/creativeblock/creativeblock/.idea/workspace.xml",
  "/Users/aidan/CSCI430/creativeblock/creativeblock/README.md",
  "/Users/aidan/CSCI430/creativeblock/creativeblock/android/.gitignore",
  "/Users/aidan/CSCI430/creativeblock/creativeblock/android/app/build.gradle",
  "/Users/aidan/CSCI430/creativeblock/creativeblock/android/app/debug.keystore",
  "/Users/aidan/CSCI430/creativeblock/creativeblock/android/app/proguard-rules.pro",
  "/Users/aidan/CSCI430/creativeblock/creativeblock/android/app/src/debug/AndroidManifest.xml",
  "/Users/aidan/CSCI430/creativeblock/creativeblock/android/app/src/main/AndroidManifest.xml",
  "/Users/aidan/CSCI430/creativeblock/creativeblock/android/app/src/main/java/com/davwils/creativeblock/MainActivity.kt",
  "/Users/aidan/CSCI430/creativeblock/creativeblock/android/app/src/main/java/com/davwils/creativeblock/MainApplication.kt",
  "/Users/aidan/CSCI430/creativeblock/creativeblock/android/app/src/main/res/drawable/ic_launcher_background.xml",
  "/Users/aidan/CSCI430/creativeblock/creativeblock/android/app/src/main/res/drawable/rn_edit_text_material.xml",
  "/Users/aidan/CSCI430/creativeblock/creativeblock/android/app/src/main/res/drawable-hdpi/splashscreen_logo.png",
  "/Users/aidan/CSCI430/creativeblock/creativeblock/android/app/src/main/res/drawable-mdpi/splashscreen_logo.png",
  "/Users/aidan/CSCI430/creativeblock/creativeblock/android/app/src/main/res/drawable-xhdpi/splashscreen_logo.png",
  "/Users/aidan/CSCI430/creativeblock/creativeblock/android/app/src/main/res/drawable-xxhdpi/splashscreen_logo.png",
  "/Users/aidan/CSCI430/creativeblock/creativeblock/android/app/src/main/res/drawable-xxxhdpi/splashscreen_logo.png",
  "/Users/aidan/CSCI430/creativeblock/creativeblock/android/app/src/main/res/mipmap-anydpi-v26/ic_launcher.xml",
  "/Users/aidan/CSCI430/creativeblock/creativeblock/android/app/src/main/res/mipmap-anydpi-v26/ic_launcher_round.xml",
  "/Users/aidan/CSCI430/creativeblock/creativeblock/android/app/src/main/res/mipmap-hdpi/ic_launcher.webp",
  "/Users/aidan/CSCI430/creativeblock/creativeblock/android/app/src/main/res/mipmap-hdpi/ic_launcher_foreground.webp",
  "/Users/aidan/CSCI430/creativeblock/creativeblock/android/app/src/main/res/mipmap-hdpi/ic_launcher_round.webp",
  "/Users/aidan/CSCI430/creativeblock/creativeblock/android/app/src/main/res/mipmap-mdpi/ic_launcher.webp",
  "/Users/aidan/CSCI430/creativeblock/creativeblock/android/app/src/main/res/mipmap-mdpi/ic_launcher_foreground.webp",
  "/Users/aidan/CSCI430/creativeblock/creativeblock/android/app/src/main/res/mipmap-mdpi/ic_launcher_round.webp",
  "/Users/aidan/CSCI430/creativeblock/creativeblock/android/app/src/main/res/mipmap-xhdpi/ic_launcher.webp",
  "/Users/aidan/CSCI430/creativeblock/creativeblock/android/app/src/main/res/mipmap-xhdpi/ic_launcher_foreground.webp",
  "/Users/aidan/CSCI430/creativeblock/creativeblock/android/app/src/main/res/mipmap-xhdpi/ic_launcher_round.webp",
  "/Users/aidan/CSCI430/creativeblock/creativeblock/android/app/src/main/res/mipmap-xxhdpi/ic_launcher.webp",
  "/Users/aidan/CSCI430/creativeblock/creativeblock/android/app/src/main/res/mipmap-xxhdpi/ic_launcher_foreground.webp",
  "/Users/aidan/CSCI430/creativeblock/creativeblock/android/app/src/main/res/mipmap-xxhdpi/ic_launcher_round.webp",
  "/Users/aidan/CSCI430/creativeblock/creativeblock/android/app/src/main/res/mipmap-xxxhdpi/ic_launcher.webp",
  "/Users/aidan/CSCI430/creativeblock/creativeblock/android/app/src/main/res/mipmap-xxxhdpi/ic_launcher_foreground.webp",
  "/Users/aidan/CSCI430/creativeblock/creativeblock/android/app/src/main/res/mipmap-xxxhdpi/ic_launcher_round.webp",
  "/Users/aidan/CSCI430/creativeblock/creativeblock/android/app/src/main/res/values/colors.xml",
  "/Users/aidan/CSCI430/creativeblock/creativeblock/android/app/src/main/res/values/strings.xml",
  "/Users/aidan/CSCI430/creativeblock/creativeblock/android/app/src/main/res/values/styles.xml",
  "/Users/aidan/CSCI430/creativeblock/creativeblock/android/app/src/main/res/values-night/colors.xml",
  "/Users/aidan/CSCI430/creativeblock/creativeblock/android/build.gradle",
  "/Users/aidan/CSCI430/creativeblock/creativeblock/android/gradle/wrapper/gradle-wrapper.jar",
  "/Users/aidan/CSCI430/creativeblock/creativeblock/android/gradle/wrapper/gradle-wrapper.properties",
  "/Users/aidan/CSCI430/creativeblock/creativeblock/android/gradle.properties",
  "/Users/aidan/CSCI430/creativeblock/creativeblock/android/gradlew",
  "/Users/aidan/CSCI430/creativeblock/creativeblock/android/gradlew.bat",
  "/Users/aidan/CSCI430/creativeblock/creativeblock/android/settings.gradle",
  "/Users/aidan/CSCI430/creativeblock/creativeblock/app/(tabs)/_layout.tsx",
  "/Users/aidan/CSCI430/creativeblock/creativeblock/app/(tabs)/firebase.js",
  "/Users/aidan/CSCI430/creativeblock/creativeblock/app/(tabs)/home.tsx",
  "/Users/aidan/CSCI430/creativeblock/creativeblock/app/(tabs)/myprojects.tsx",
  "/Users/aidan/CSCI430/creativeblock/creativeblock/app/(tabs)/popular.tsx",
  "/Users/aidan/CSCI430/creativeblock/creativeblock/app/_layout.tsx",
  "/Users/aidan/CSCI430/creativeblock/creativeblock/app/createproject.tsx",
  "/Users/aidan/CSCI430/creativeblock/creativeblock/app/firebase.js",
  "/Users/aidan/CSCI430/creativeblock/creativeblock/app/index.tsx",
  "/Users/aidan/CSCI430/creativeblock/creativeblock/app/popularscreen.tsx",
  "/Users/aidan/CSCI430/creativeblock/creativeblock/app/projecthome.tsx",
  "/Users/aidan/CSCI430/creativeblock/creativeblock/app/projectview.tsx",
  "/Users/aidan/CSCI430/creativeblock/creativeblock/app.json",
  "/Users/aidan/CSCI430/creativeblock/creativeblock/assets/fonts/SpaceMono-Regular.ttf",
  "/Users/aidan/CSCI430/creativeblock/creativeblock/assets/images/adaptive-icon.png",
  "/Users/aidan/CSCI430/creativeblock/creativeblock/assets/images/favicon.png",
  "/Users/aidan/CSCI430/creativeblock/creativeblock/assets/images/icon.png",
  "/Users/aidan/CSCI430/creativeblock/creativeblock/assets/images/logo.png",
  "/Users/aidan/CSCI430/creativeblock/creativeblock/assets/images/partial-react-logo.png",
  "/Users/aidan/CSCI430/creativeblock/creativeblock/assets/images/react-logo.png",
  "/Users/aidan/CSCI430/creativeblock/creativeblock/assets/images/react-logo@2x.png",
  "/Users/aidan/CSCI430/creativeblock/creativeblock/assets/images/react-logo@3x.png",
  "/Users/aidan/CSCI430/creativeblock/creativeblock/assets/images/splash-icon.png",
  "/Users/aidan/CSCI430/creativeblock/creativeblock/classes/Idea.tsx",
  "/Users/aidan/CSCI430/creativeblock/creativeblock/classes/IdeaAudioModule.tsx",
  "/Users/aidan/CSCI430/creativeblock/creativeblock/classes/IdeaImageModule.tsx",
  "/Users/aidan/CSCI430/creativeblock/creativeblock/classes/IdeaModule.tsx",
  "/Users/aidan/CSCI430/creativeblock/creativeblock/classes/IdeaTextModule.tsx",
  "/Users/aidan/CSCI430/creativeblock/creativeblock/classes/IdeaVideoModule.tsx",
  "/Users/aidan/CSCI430/creativeblock/creativeblock/classes/Project.tsx",
  "/Users/aidan/CSCI430/creativeblock/creativeblock/components/ChatBubble.tsx",
  "/Users/aidan/CSCI430/creativeblock/creativeblock/components/ThemedText.tsx",
  "/Users/aidan/CSCI430/creativeblock/creativeblock/components/ThemedTextInput.tsx",
  "/Users/aidan/CSCI430/creativeblock/creativeblock/components/ThemedTouchableOpacity.tsx",
  "/Users/aidan/CSCI430/creativeblock/creativeblock/components/ThemedView.tsx",
  "/Users/aidan/CSCI430/creativeblock/creativeblock/constants/Colors.ts",
  "/Users/aidan/CSCI430/creativeblock/creativeblock/eas.json",
  "/Users/aidan/CSCI430/creativeblock/creativeblock/expo-env.d.ts",
  "/Users/aidan/CSCI430/creativeblock/creativeblock/hooks/useColorScheme.ts",
  "/Users/aidan/CSCI430/creativeblock/creativeblock/hooks/useColorScheme.web.ts",
  "/Users/aidan/CSCI430/creativeblock/creativeblock/hooks/useThemeColor.ts",
  "/Users/aidan/CSCI430/creativeblock/creativeblock/package-lock.json",
  "/Users/aidan/CSCI430/creativeblock/creativeblock/package.json",
  "/Users/aidan/CSCI430/creativeblock/creativeblock/tsconfig.json"
]
23:39:26 (86278) DEBUG ProjectReader Files to mutate: []
23:39:26 (86278) DEBUG TemporaryDirectory Using temp directory "/Users/aidan/CSCI430/creativeblock/creativeblock/.stryker-tmp/sandbox-BmwcBi"
23:39:26 (86278) DEBUG Instrumenter Instrumenting 0 source files with mutants
23:39:26 (86278) INFO Instrumenter Instrumented 0 source file(s) with 0 mutant(s)
23:39:26 (86278) DEBUG TSConfigPreprocessor Rewriting file ProjectFile {
  fs: [FileSystem],
  name: '/Users/aidan/CSCI430/creativeblock/creativeblock/tsconfig.json',
  mutate: false
}
23:39:26 (86278) INFO ConcurrencyTokenProvider Creating 15 test runner process(es).
23:39:26 (86278) DEBUG ChildProcessProxy Started CheckerWorker in worker process 0 with pid 86281 
23:39:26 (86281) DEBUG PluginLoader Loading plugin @stryker-mutator/jest-runner
23:39:26 (86281) DEBUG PluginLoader Loading plugin @stryker-mutator/typescript-checker
23:39:26 (86281) DEBUG PluginLoader Loading plugin file:///Users/aidan/CSCI430/creativeblock/creativeblock/node_modules/@stryker-mutator/instrumenter/dist/src/frameworks/index.js
23:39:26 (86281) DEBUG PluginLoader Loading plugin file:///Users/aidan/CSCI430/creativeblock/creativeblock/node_modules/@stryker-mutator/core/dist/src/reporters/index.js
23:39:27 (86278) DEBUG Sandbox Creating a sandbox for files in /Users/aidan/CSCI430/creativeblock/creativeblock/.stryker-tmp/sandbox-BmwcBi
23:39:27 (86278) DEBUG Sandbox Start symlink node_modules
23:39:27 (86278) DEBUG Sandbox Create symlink from /Users/aidan/CSCI430/creativeblock/creativeblock/node_modules to /Users/aidan/CSCI430/creativeblock/creativeblock/.stryker-tmp/sandbox-BmwcBi/node_modules
23:39:27 (86278) DEBUG BroadcastReporter Broadcasting to reporters ["clear-text","progress","html"]
23:39:27 (86278) INFO DryRunExecutor Starting initial test run (command test runner with "perTest" coverage analysis). This may take a while.
23:39:27 (86278) DEBUG DryRunExecutor Using timeout of 300000 ms.
23:39:27 (86278) DEBUG TimeoutDecorator Starting timeout timer (300000 ms) for a test run
23:44:27 (86278) DEBUG TimeoutDecorator Timeout expired, restarting the process and reporting timeout
23:44:27 (86278) ERROR DryRunExecutor Initial test run timed out!
23:44:27 (86278) DEBUG Stryker Not removing the temp dir because an error occurred
23:44:27 (86278) ERROR Stryker Unexpected error occurred while running Stryker Error: Something went wrong in the initial test run
    at DryRunExecutor.validateResultCompleted (file:///Users/aidan/CSCI430/creativeblock/creativeblock/node_modules/@stryker-mutator/core/dist/src/process/3-dry-run-executor.js:76:15)
    at DryRunExecutor.executeDryRun (file:///Users/aidan/CSCI430/creativeblock/creativeblock/node_modules/@stryker-mutator/core/dist/src/process/3-dry-run-executor.js:96:14)
    at process.processTicksAndRejections (node:internal/process/task_queues:105:5)
    at async WorkItem.execute (file:///Users/aidan/CSCI430/creativeblock/creativeblock/node_modules/@stryker-mutator/core/dist/src/concurrent/pool.js:32:28)
    at async file:///Users/aidan/CSCI430/creativeblock/creativeblock/node_modules/@stryker-mutator/core/dist/src/concurrent/pool.js:69:13
23:44:27 (86278) INFO Stryker This might be a known problem with a solution documented in our troubleshooting guide.
23:44:27 (86278) INFO Stryker You can find it at https://stryker-mutator.io/docs/stryker-js/troubleshooting/
23:44:27 (86278) DEBUG ChildProcessProxy Disposing of worker process 86281
23:44:27 (86278) DEBUG ChildProcessProxy Kill 86281
